  main.cpp
c:\users\ryan\documents\flocking_fps\ryan2dprog\2d_programming_class\main.cpp(65): warning C4244: '=': conversion from 'int' to 'float', possible loss of data
c:\users\ryan\documents\flocking_fps\ryan2dprog\2d_programming_class\main.cpp(73): warning C4244: '=': conversion from 'float' to 'unsigned char', possible loss of data
c:\users\ryan\documents\flocking_fps\ryan2dprog\2d_programming_class\main.cpp(74): warning C4244: '=': conversion from 'float' to 'unsigned char', possible loss of data
c:\users\ryan\documents\flocking_fps\ryan2dprog\2d_programming_class\main.cpp(75): warning C4244: '=': conversion from 'float' to 'unsigned char', possible loss of data
c:\users\ryan\documents\flocking_fps\ryan2dprog\2d_programming_class\main.cpp(101): warning C4244: 'initializing': conversion from 'float' to 'int', possible loss of data
c:\users\ryan\documents\flocking_fps\ryan2dprog\2d_programming_class\main.cpp(103): warning C4244: 'initializing': conversion from 'float' to 'int', possible loss of data
c:\users\ryan\documents\flocking_fps\ryan2dprog\2d_programming_class\main.cpp(113): warning C4244: 'initializing': conversion from 'float' to 'int', possible loss of data
c:\users\ryan\documents\flocking_fps\ryan2dprog\2d_programming_class\main.cpp(116): warning C4244: 'initializing': conversion from 'float' to 'int', possible loss of data
c:\users\ryan\documents\flocking_fps\ryan2dprog\2d_programming_class\main.cpp(229): warning C4244: '=': conversion from 'int' to 'float', possible loss of data
c:\users\ryan\documents\flocking_fps\ryan2dprog\2d_programming_class\main.cpp(233): warning C4244: '=': conversion from 'int' to 'float', possible loss of data
c:\users\ryan\documents\flocking_fps\ryan2dprog\2d_programming_class\main.cpp(237): warning C4244: '=': conversion from 'int' to 'float', possible loss of data
c:\users\ryan\documents\flocking_fps\ryan2dprog\2d_programming_class\main.cpp(241): warning C4244: '=': conversion from 'int' to 'float', possible loss of data
c:\users\ryan\documents\flocking_fps\ryan2dprog\2d_programming_class\main.cpp(246): warning C4244: 'argument': conversion from 'float' to 'int', possible loss of data
c:\users\ryan\documents\flocking_fps\ryan2dprog\2d_programming_class\main.cpp(249): warning C4244: 'argument': conversion from 'float' to 'int', possible loss of data
c:\users\ryan\documents\flocking_fps\ryan2dprog\2d_programming_class\main.cpp(252): warning C4244: 'argument': conversion from 'float' to 'int', possible loss of data
  Generating code
  1 of 6 functions (16.7%) were compiled, the rest were copied from previous compilation.
    0 functions were new in current compilation
    0 functions had inline decision re-evaluated but remain unchanged
  Finished generating code
  SDL_intro.vcxproj -> C:\Users\Ryan\Documents\flocking_fps\Ryan2dProg\2D_programming_class\Release\SDL_intro.exe
